<?xml version="1.0" encoding="UTF-8"?>
<coverage generated="1778598235">
  <project timestamp="1778598235" name="Clover Coverage">
    <package name="Analyzer\Controllers">
      <file name="/home/alexsey-vr/project/src/Controllers/MainAction.php">
        <class name="Analyzer\Controllers\MainAction" namespace="Analyzer\Controllers">
          <metrics complexity="6" methods="6" coveredmethods="6" conditionals="0" coveredconditionals="0" statements="13" coveredstatements="13" elements="19" coveredelements="19"/>
        </class>
        <line num="16" type="method" name="__construct" visibility="public" complexity="1" crap="1" count="3"/>
        <line num="18" type="stmt" count="3"/>
        <line num="24" type="method" name="__invoke" visibility="public" complexity="1" crap="1" count="1"/>
        <line num="29" type="stmt" count="1"/>
        <line num="31" type="stmt" count="1"/>
        <line num="32" type="stmt" count="1"/>
        <line num="33" type="stmt" count="1"/>
        <line num="34" type="stmt" count="1"/>
        <line num="36" type="stmt" count="1"/>
        <line num="39" type="method" name="setTemplate" visibility="public" complexity="1" crap="1" count="2"/>
        <line num="41" type="stmt" count="2"/>
        <line num="43" type="stmt" count="2"/>
        <line num="46" type="method" name="getTemplate" visibility="public" complexity="1" crap="1" count="1"/>
        <line num="48" type="stmt" count="1"/>
        <line num="51" type="method" name="setRenderer" visibility="public" complexity="1" crap="1" count="2"/>
        <line num="53" type="stmt" count="2"/>
        <line num="55" type="stmt" count="2"/>
        <line num="58" type="method" name="getRenderer" visibility="public" complexity="1" crap="1" count="1"/>
        <line num="60" type="stmt" count="1"/>
        <metrics loc="63" ncloc="60" classes="1" methods="6" coveredmethods="6" conditionals="0" coveredconditionals="0" statements="13" coveredstatements="13" elements="19" coveredelements="19"/>
      </file>
      <file name="/home/alexsey-vr/project/src/Controllers/UrlCheckAction.php">
        <class name="Analyzer\Controllers\UrlCheckAction" namespace="Analyzer\Controllers">
          <metrics complexity="10" methods="6" coveredmethods="5" conditionals="0" coveredconditionals="0" statements="29" coveredstatements="21" elements="35" coveredelements="26"/>
        </class>
        <line num="23" type="method" name="__construct" visibility="public" complexity="1" crap="1" count="3"/>
        <line num="28" type="stmt" count="3"/>
        <line num="29" type="stmt" count="3"/>
        <line num="30" type="stmt" count="3"/>
        <line num="36" type="method" name="__invoke" visibility="public" complexity="5" crap="6.60" count="2"/>
        <line num="41" type="stmt" count="2"/>
        <line num="42" type="stmt" count="2"/>
        <line num="43" type="stmt" count="2"/>
        <line num="45" type="stmt" count="2"/>
        <line num="47" type="stmt" count="2"/>
        <line num="48" type="stmt" count="2"/>
        <line num="49" type="stmt" count="2"/>
        <line num="50" type="stmt" count="2"/>
        <line num="52" type="stmt" count="2"/>
        <line num="53" type="stmt" count="0"/>
        <line num="55" type="stmt" count="0"/>
        <line num="56" type="stmt" count="0"/>
        <line num="57" type="stmt" count="0"/>
        <line num="58" type="stmt" count="0"/>
        <line num="59" type="stmt" count="0"/>
        <line num="60" type="stmt" count="0"/>
        <line num="62" type="stmt" count="0"/>
        <line num="64" type="stmt" count="2"/>
        <line num="67" type="stmt" count="2"/>
        <line num="69" type="stmt" count="2"/>
        <line num="72" type="method" name="setRouter" visibility="public" complexity="1" crap="1" count="3"/>
        <line num="75" type="stmt" count="3"/>
        <line num="77" type="stmt" count="3"/>
        <line num="80" type="method" name="getRouter" visibility="public" complexity="1" crap="1" count="1"/>
        <line num="82" type="stmt" count="1"/>
        <line num="85" type="method" name="setRouteName" visibility="public" complexity="1" crap="1" count="3"/>
        <line num="88" type="stmt" count="3"/>
        <line num="90" type="stmt" count="3"/>
        <line num="93" type="method" name="getRouteName" visibility="public" complexity="1" crap="1" count="1"/>
        <line num="95" type="stmt" count="1"/>
        <metrics loc="98" ncloc="95" classes="1" methods="6" coveredmethods="5" conditionals="0" coveredconditionals="0" statements="29" coveredstatements="21" elements="35" coveredelements="26"/>
      </file>
      <file name="/home/alexsey-vr/project/src/Controllers/UrlReadAction.php">
        <class name="Analyzer\Controllers\UrlReadAction" namespace="Analyzer\Controllers">
          <metrics complexity="11" methods="6" coveredmethods="6" conditionals="0" coveredconditionals="0" statements="47" coveredstatements="47" elements="53" coveredelements="53"/>
        </class>
        <line num="22" type="method" name="__construct" visibility="public" complexity="1" crap="1" count="4"/>
        <line num="27" type="stmt" count="4"/>
        <line num="28" type="stmt" count="4"/>
        <line num="29" type="stmt" count="4"/>
        <line num="35" type="method" name="__invoke" visibility="public" complexity="6" crap="6" count="2"/>
        <line num="40" type="stmt" count="2"/>
        <line num="42" type="stmt" count="2"/>
        <line num="43" type="stmt" count="2"/>
        <line num="44" type="stmt" count="2"/>
        <line num="45" type="stmt" count="2"/>
        <line num="46" type="stmt" count="2"/>
        <line num="47" type="stmt" count="1"/>
        <line num="48" type="stmt" count="1"/>
        <line num="49" type="stmt" count="1"/>
        <line num="50" type="stmt" count="1"/>
        <line num="51" type="stmt" count="1"/>
        <line num="52" type="stmt" count="1"/>
        <line num="53" type="stmt" count="1"/>
        <line num="54" type="stmt" count="1"/>
        <line num="57" type="stmt" count="2"/>
        <line num="58" type="stmt" count="2"/>
        <line num="59" type="stmt" count="2"/>
        <line num="60" type="stmt" count="2"/>
        <line num="61" type="stmt" count="2"/>
        <line num="62" type="stmt" count="2"/>
        <line num="63" type="stmt" count="2"/>
        <line num="65" type="stmt" count="2"/>
        <line num="66" type="stmt" count="1"/>
        <line num="67" type="stmt" count="1"/>
        <line num="68" type="stmt" count="1"/>
        <line num="69" type="stmt" count="1"/>
        <line num="70" type="stmt" count="1"/>
        <line num="71" type="stmt" count="1"/>
        <line num="74" type="stmt" count="1"/>
        <line num="75" type="stmt" count="1"/>
        <line num="76" type="stmt" count="1"/>
        <line num="77" type="stmt" count="1"/>
        <line num="78" type="stmt" count="1"/>
        <line num="80" type="stmt" count="1"/>
        <line num="81" type="stmt" count="1"/>
        <line num="82" type="stmt" count="1"/>
        <line num="83" type="stmt" count="1"/>
        <line num="84" type="stmt" count="1"/>
        <line num="87" type="method" name="setTemplate" visibility="public" complexity="1" crap="1" count="3"/>
        <line num="89" type="stmt" count="3"/>
        <line num="91" type="stmt" count="3"/>
        <line num="94" type="method" name="getTemplate" visibility="public" complexity="1" crap="1" count="1"/>
        <line num="96" type="stmt" count="1"/>
        <line num="99" type="method" name="setRenderer" visibility="public" complexity="1" crap="1" count="4"/>
        <line num="101" type="stmt" count="4"/>
        <line num="103" type="stmt" count="4"/>
        <line num="106" type="method" name="getRenderer" visibility="public" complexity="1" crap="1" count="2"/>
        <line num="108" type="stmt" count="2"/>
        <metrics loc="111" ncloc="108" classes="1" methods="6" coveredmethods="6" conditionals="0" coveredconditionals="0" statements="47" coveredstatements="47" elements="53" coveredelements="53"/>
      </file>
      <file name="/home/alexsey-vr/project/src/Controllers/UrlsCreateAction.php">
        <class name="Analyzer\Controllers\UrlsCreateAction" namespace="Analyzer\Controllers">
          <metrics complexity="13" methods="10" coveredmethods="10" conditionals="0" coveredconditionals="0" statements="51" coveredstatements="51" elements="61" coveredelements="61"/>
        </class>
        <line num="25" type="method" name="__construct" visibility="public" complexity="1" crap="1" count="7"/>
        <line num="29" type="stmt" count="7"/>
        <line num="30" type="stmt" count="7"/>
        <line num="36" type="method" name="__invoke" visibility="public" complexity="4" crap="4" count="3"/>
        <line num="41" type="stmt" count="3"/>
        <line num="42" type="stmt" count="3"/>
        <line num="43" type="stmt" count="3"/>
        <line num="44" type="stmt" count="3"/>
        <line num="46" type="stmt" count="3"/>
        <line num="47" type="stmt" count="3"/>
        <line num="49" type="stmt" count="3"/>
        <line num="50" type="stmt" count="2"/>
        <line num="51" type="stmt" count="2"/>
        <line num="52" type="stmt" count="2"/>
        <line num="53" type="stmt" count="2"/>
        <line num="55" type="stmt" count="2"/>
        <line num="56" type="stmt" count="2"/>
        <line num="57" type="stmt" count="2"/>
        <line num="58" type="stmt" count="2"/>
        <line num="59" type="stmt" count="2"/>
        <line num="62" type="stmt" count="2"/>
        <line num="63" type="stmt" count="1"/>
        <line num="64" type="stmt" count="1"/>
        <line num="65" type="stmt" count="1"/>
        <line num="66" type="stmt" count="1"/>
        <line num="68" type="stmt" count="1"/>
        <line num="69" type="stmt" count="1"/>
        <line num="70" type="stmt" count="1"/>
        <line num="71" type="stmt" count="1"/>
        <line num="72" type="stmt" count="1"/>
        <line num="74" type="stmt" count="1"/>
        <line num="77" type="stmt" count="1"/>
        <line num="78" type="stmt" count="1"/>
        <line num="79" type="stmt" count="1"/>
        <line num="80" type="stmt" count="1"/>
        <line num="81" type="stmt" count="1"/>
        <line num="83" type="stmt" count="1"/>
        <line num="84" type="stmt" count="1"/>
        <line num="85" type="stmt" count="1"/>
        <line num="86" type="stmt" count="1"/>
        <line num="87" type="stmt" count="1"/>
        <line num="90" type="method" name="setRenderer" visibility="public" complexity="1" crap="1" count="3"/>
        <line num="92" type="stmt" count="3"/>
        <line num="94" type="stmt" count="3"/>
        <line num="97" type="method" name="getRenderer" visibility="public" complexity="1" crap="1" count="1"/>
        <line num="99" type="stmt" count="1"/>
        <line num="102" type="method" name="setTemplate" visibility="public" complexity="1" crap="1" count="3"/>
        <line num="104" type="stmt" count="3"/>
        <line num="106" type="stmt" count="3"/>
        <line num="109" type="method" name="getTemplate" visibility="public" complexity="1" crap="1" count="1"/>
        <line num="111" type="stmt" count="1"/>
        <line num="114" type="method" name="setRouter" visibility="public" complexity="1" crap="1" count="3"/>
        <line num="117" type="stmt" count="3"/>
        <line num="119" type="stmt" count="3"/>
        <line num="122" type="method" name="getRouter" visibility="public" complexity="1" crap="1" count="1"/>
        <line num="124" type="stmt" count="1"/>
        <line num="127" type="method" name="setRouteName" visibility="public" complexity="1" crap="1" count="4"/>
        <line num="130" type="stmt" count="4"/>
        <line num="132" type="stmt" count="4"/>
        <line num="135" type="method" name="getRouteName" visibility="public" complexity="1" crap="1" count="2"/>
        <line num="137" type="stmt" count="2"/>
        <metrics loc="140" ncloc="137" classes="1" methods="10" coveredmethods="10" conditionals="0" coveredconditionals="0" statements="51" coveredstatements="51" elements="61" coveredelements="61"/>
      </file>
      <file name="/home/alexsey-vr/project/src/Controllers/UrlsReadAction.php">
        <class name="Analyzer\Controllers\UrlsReadAction" namespace="Analyzer\Controllers">
          <metrics complexity="10" methods="6" coveredmethods="6" conditionals="0" coveredconditionals="0" statements="32" coveredstatements="32" elements="38" coveredelements="38"/>
        </class>
        <line num="21" type="method" name="__construct" visibility="public" complexity="1" crap="1" count="3"/>
        <line num="26" type="stmt" count="3"/>
        <line num="27" type="stmt" count="3"/>
        <line num="28" type="stmt" count="3"/>
        <line num="34" type="method" name="__invoke" visibility="public" complexity="5" crap="5" count="1"/>
        <line num="39" type="stmt" count="1"/>
        <line num="40" type="stmt" count="1"/>
        <line num="41" type="stmt" count="1"/>
        <line num="42" type="stmt" count="1"/>
        <line num="43" type="stmt" count="1"/>
        <line num="44" type="stmt" count="1"/>
        <line num="45" type="stmt" count="1"/>
        <line num="46" type="stmt" count="1"/>
        <line num="47" type="stmt" count="1"/>
        <line num="48" type="stmt" count="1"/>
        <line num="49" type="stmt" count="1"/>
        <line num="50" type="stmt" count="1"/>
        <line num="51" type="stmt" count="1"/>
        <line num="54" type="stmt" count="1"/>
        <line num="55" type="stmt" count="1"/>
        <line num="56" type="stmt" count="1"/>
        <line num="57" type="stmt" count="1"/>
        <line num="58" type="stmt" count="1"/>
        <line num="60" type="stmt" count="1"/>
        <line num="61" type="stmt" count="1"/>
        <line num="62" type="stmt" count="1"/>
        <line num="63" type="stmt" count="1"/>
        <line num="64" type="stmt" count="1"/>
        <line num="67" type="method" name="setRenderer" visibility="public" complexity="1" crap="1" count="2"/>
        <line num="69" type="stmt" count="2"/>
        <line num="71" type="stmt" count="2"/>
        <line num="74" type="method" name="getRenderer" visibility="public" complexity="1" crap="1" count="1"/>
        <line num="76" type="stmt" count="1"/>
        <line num="79" type="method" name="setTemplate" visibility="public" complexity="1" crap="1" count="2"/>
        <line num="81" type="stmt" count="2"/>
        <line num="83" type="stmt" count="2"/>
        <line num="86" type="method" name="getTemplate" visibility="public" complexity="1" crap="1" count="1"/>
        <line num="88" type="stmt" count="1"/>
        <metrics loc="91" ncloc="88" classes="1" methods="6" coveredmethods="6" conditionals="0" coveredconditionals="0" statements="32" coveredstatements="32" elements="38" coveredelements="38"/>
      </file>
    </package>
    <package name="Analyzer\Exceptions">
      <file name="/home/alexsey-vr/project/src/Exceptions/UrlErrorHandler.php">
        <class name="Analyzer\Exceptions\UrlErrorHandler" namespace="Analyzer\Exceptions">
          <metrics complexity="1" methods="1" coveredmethods="0" conditionals="0" coveredconditionals="0" statements="5" coveredstatements="0" elements="6" coveredelements="0"/>
        </class>
        <line num="13" type="method" name="__construct" visibility="public" complexity="1" crap="2" count="0"/>
        <line num="18" type="stmt" count="0"/>
        <line num="19" type="stmt" count="0"/>
        <line num="20" type="stmt" count="0"/>
        <line num="21" type="stmt" count="0"/>
        <line num="22" type="stmt" count="0"/>
        <metrics loc="25" ncloc="25" classes="1" methods="1" coveredmethods="0" conditionals="0" coveredconditionals="0" statements="5" coveredstatements="0" elements="6" coveredelements="0"/>
      </file>
      <file name="/home/alexsey-vr/project/src/Exceptions/UrlErrorRenderer.php">
        <class name="Analyzer\Exceptions\UrlErrorRenderer" namespace="Analyzer\Exceptions">
          <metrics complexity="8" methods="2" coveredmethods="2" conditionals="0" coveredconditionals="0" statements="18" coveredstatements="18" elements="20" coveredelements="20"/>
        </class>
        <line num="17" type="method" name="__invoke" visibility="public" complexity="7" crap="7" count="1"/>
        <line num="19" type="stmt" count="1"/>
        <line num="20" type="stmt" count="1"/>
        <line num="21" type="stmt" count="1"/>
        <line num="22" type="stmt" count="1"/>
        <line num="23" type="stmt" count="1"/>
        <line num="24" type="stmt" count="1"/>
        <line num="26" type="stmt" count="1"/>
        <line num="28" type="stmt" count="1"/>
        <line num="29" type="stmt" count="1"/>
        <line num="30" type="stmt" count="1"/>
        <line num="31" type="stmt" count="1"/>
        <line num="32" type="stmt" count="1"/>
        <line num="33" type="stmt" count="1"/>
        <line num="34" type="stmt" count="1"/>
        <line num="35" type="stmt" count="1"/>
        <line num="36" type="stmt" count="1"/>
        <line num="38" type="stmt" count="1"/>
        <line num="41" type="method" name="setRenderer" visibility="public" complexity="1" crap="1" count="1"/>
        <line num="43" type="stmt" count="1"/>
        <metrics loc="46" ncloc="46" classes="1" methods="2" coveredmethods="2" conditionals="0" coveredconditionals="0" statements="18" coveredstatements="18" elements="20" coveredelements="20"/>
      </file>
      <file name="/home/alexsey-vr/project/src/Exceptions/UrlException.php">
        <class name="Analyzer\Exceptions\UrlException" namespace="Analyzer\Exceptions">
          <metrics complexity="1" methods="1" coveredmethods="1" conditionals="0" coveredconditionals="0" statements="1" coveredstatements="1" elements="2" coveredelements="2"/>
        </class>
        <line num="10" type="method" name="__construct" visibility="public" complexity="1" crap="1" count="2"/>
        <line num="12" type="stmt" count="2"/>
        <metrics loc="15" ncloc="15" classes="1" methods="1" coveredmethods="1" conditionals="0" coveredconditionals="0" statements="1" coveredstatements="1" elements="2" coveredelements="2"/>
      </file>
    </package>
    <file name="/home/alexsey-vr/project/src/Interfaces/UrlCheckInterface.php">
      <metrics loc="35" ncloc="32" classes="0" methods="0" coveredmethods="0" conditionals="0" coveredconditionals="0" statements="0" coveredstatements="0" elements="0" coveredelements="0"/>
    </file>
    <file name="/home/alexsey-vr/project/src/Interfaces/UrlCheckRepositoryInterface.php">
      <metrics loc="28" ncloc="22" classes="0" methods="0" coveredmethods="0" conditionals="0" coveredconditionals="0" statements="0" coveredstatements="0" elements="0" coveredelements="0"/>
    </file>
    <file name="/home/alexsey-vr/project/src/Interfaces/UrlInterface.php">
      <metrics loc="19" ncloc="16" classes="0" methods="0" coveredmethods="0" conditionals="0" coveredconditionals="0" statements="0" coveredstatements="0" elements="0" coveredelements="0"/>
    </file>
    <file name="/home/alexsey-vr/project/src/Interfaces/UrlRepositoryInterface.php">
      <metrics loc="21" ncloc="18" classes="0" methods="0" coveredmethods="0" conditionals="0" coveredconditionals="0" statements="0" coveredstatements="0" elements="0" coveredelements="0"/>
    </file>
    <package name="Analyzer\Repository">
      <file name="/home/alexsey-vr/project/src/Repository/UrlCheckRepository.php">
        <class name="Analyzer\Repository\UrlCheckRepository" namespace="Analyzer\Repository">
          <metrics complexity="25" methods="9" coveredmethods="8" conditionals="0" coveredconditionals="0" statements="120" coveredstatements="119" elements="129" coveredelements="127"/>
        </class>
        <line num="28" type="method" name="__construct" visibility="public" complexity="1" crap="1" count="15"/>
        <line num="30" type="stmt" count="15"/>
        <line num="31" type="stmt" count="15"/>
        <line num="32" type="stmt" count="15"/>
        <line num="35" type="method" name="save" visibility="public" complexity="2" crap="2" count="8"/>
        <line num="37" type="stmt" count="8"/>
        <line num="38" type="stmt" count="1"/>
        <line num="40" type="stmt" count="8"/>
        <line num="44" type="method" name="create" visibility="public" complexity="3" crap="3" count="8"/>
        <line num="46" type="stmt" count="8"/>
        <line num="47" type="stmt" count="8"/>
        <line num="48" type="stmt" count="8"/>
        <line num="49" type="stmt" count="8"/>
        <line num="50" type="stmt" count="8"/>
        <line num="51" type="stmt" count="8"/>
        <line num="52" type="stmt" count="8"/>
        <line num="53" type="stmt" count="8"/>
        <line num="55" type="stmt" count="8"/>
        <line num="56" type="stmt" count="8"/>
        <line num="57" type="stmt" count="8"/>
        <line num="59" type="stmt" count="8"/>
        <line num="60" type="stmt" count="8"/>
        <line num="61" type="stmt" count="8"/>
        <line num="62" type="stmt" count="8"/>
        <line num="63" type="stmt" count="8"/>
        <line num="64" type="stmt" count="8"/>
        <line num="66" type="stmt" count="8"/>
        <line num="67" type="stmt" count="8"/>
        <line num="68" type="stmt" count="8"/>
        <line num="69" type="stmt" count="8"/>
        <line num="70" type="stmt" count="8"/>
        <line num="71" type="stmt" count="8"/>
        <line num="72" type="stmt" count="8"/>
        <line num="74" type="stmt" count="8"/>
        <line num="75" type="stmt" count="8"/>
        <line num="76" type="stmt" count="8"/>
        <line num="77" type="stmt" count="8"/>
        <line num="78" type="stmt" count="7"/>
        <line num="79" type="stmt" count="7"/>
        <line num="80" type="stmt" count="7"/>
        <line num="83" type="method" name="update" visibility="public" complexity="1" crap="1" count="1"/>
        <line num="85" type="stmt" count="1"/>
        <line num="86" type="stmt" count="1"/>
        <line num="87" type="stmt" count="1"/>
        <line num="88" type="stmt" count="1"/>
        <line num="89" type="stmt" count="1"/>
        <line num="90" type="stmt" count="1"/>
        <line num="92" type="stmt" count="1"/>
        <line num="93" type="stmt" count="1"/>
        <line num="94" type="stmt" count="1"/>
        <line num="95" type="stmt" count="1"/>
        <line num="96" type="stmt" count="1"/>
        <line num="97" type="stmt" count="1"/>
        <line num="99" type="stmt" count="1"/>
        <line num="101" type="stmt" count="1"/>
        <line num="102" type="stmt" count="1"/>
        <line num="103" type="stmt" count="1"/>
        <line num="104" type="stmt" count="1"/>
        <line num="105" type="stmt" count="1"/>
        <line num="106" type="stmt" count="1"/>
        <line num="107" type="stmt" count="1"/>
        <line num="108" type="stmt" count="1"/>
        <line num="111" type="method" name="find" visibility="public" complexity="4" crap="4" count="3"/>
        <line num="113" type="stmt" count="3"/>
        <line num="114" type="stmt" count="3"/>
        <line num="115" type="stmt" count="3"/>
        <line num="116" type="stmt" count="3"/>
        <line num="118" type="stmt" count="3"/>
        <line num="119" type="stmt" count="3"/>
        <line num="120" type="stmt" count="3"/>
        <line num="121" type="stmt" count="3"/>
        <line num="122" type="stmt" count="3"/>
        <line num="123" type="stmt" count="3"/>
        <line num="124" type="stmt" count="3"/>
        <line num="125" type="stmt" count="3"/>
        <line num="126" type="stmt" count="3"/>
        <line num="127" type="stmt" count="3"/>
        <line num="128" type="stmt" count="3"/>
        <line num="130" type="stmt" count="3"/>
        <line num="133" type="stmt" count="1"/>
        <line num="136" type="method" name="delete" visibility="public" complexity="1" crap="1" count="1"/>
        <line num="138" type="stmt" count="1"/>
        <line num="139" type="stmt" count="1"/>
        <line num="140" type="stmt" count="1"/>
        <line num="141" type="stmt" count="1"/>
        <line num="144" type="method" name="getEntities" visibility="public" complexity="6" crap="6" count="1"/>
        <line num="146" type="stmt" count="1"/>
        <line num="147" type="stmt" count="1"/>
        <line num="149" type="stmt" count="1"/>
        <line num="150" type="stmt" count="1"/>
        <line num="151" type="stmt" count="1"/>
        <line num="154" type="stmt" count="1"/>
        <line num="155" type="stmt" count="1"/>
        <line num="156" type="stmt" count="1"/>
        <line num="157" type="stmt" count="1"/>
        <line num="158" type="stmt" count="1"/>
        <line num="159" type="stmt" count="1"/>
        <line num="160" type="stmt" count="1"/>
        <line num="161" type="stmt" count="1"/>
        <line num="162" type="stmt" count="1"/>
        <line num="163" type="stmt" count="1"/>
        <line num="164" type="stmt" count="1"/>
        <line num="165" type="stmt" count="1"/>
        <line num="166" type="stmt" count="1"/>
        <line num="170" type="stmt" count="1"/>
        <line num="173" type="method" name="getEntitiesByUrlId" visibility="public" complexity="6" crap="6" count="3"/>
        <line num="175" type="stmt" count="3"/>
        <line num="176" type="stmt" count="3"/>
        <line num="177" type="stmt" count="3"/>
        <line num="178" type="stmt" count="3"/>
        <line num="180" type="stmt" count="3"/>
        <line num="181" type="stmt" count="3"/>
        <line num="182" type="stmt" count="3"/>
        <line num="185" type="stmt" count="3"/>
        <line num="186" type="stmt" count="3"/>
        <line num="187" type="stmt" count="2"/>
        <line num="188" type="stmt" count="2"/>
        <line num="189" type="stmt" count="2"/>
        <line num="190" type="stmt" count="2"/>
        <line num="191" type="stmt" count="2"/>
        <line num="192" type="stmt" count="2"/>
        <line num="193" type="stmt" count="2"/>
        <line num="194" type="stmt" count="2"/>
        <line num="195" type="stmt" count="2"/>
        <line num="196" type="stmt" count="2"/>
        <line num="197" type="stmt" count="2"/>
        <line num="201" type="stmt" count="3"/>
        <line num="204" type="method" name="getConnection" visibility="public" complexity="1" crap="2" count="0"/>
        <line num="206" type="stmt" count="0"/>
        <metrics loc="209" ncloc="209" classes="1" methods="9" coveredmethods="8" conditionals="0" coveredconditionals="0" statements="120" coveredstatements="119" elements="129" coveredelements="127"/>
      </file>
      <file name="/home/alexsey-vr/project/src/Repository/UrlRepository.php">
        <class name="Analyzer\Repository\UrlRepository" namespace="Analyzer\Repository">
          <metrics complexity="19" methods="7" coveredmethods="5" conditionals="0" coveredconditionals="0" statements="79" coveredstatements="74" elements="86" coveredelements="79"/>
        </class>
        <line num="23" type="method" name="__construct" visibility="public" complexity="1" crap="1" count="27"/>
        <line num="25" type="stmt" count="27"/>
        <line num="26" type="stmt" count="27"/>
        <line num="27" type="stmt" count="27"/>
        <line num="30" type="method" name="save" visibility="public" complexity="2" crap="2.15" count="4"/>
        <line num="32" type="stmt" count="4"/>
        <line num="33" type="stmt" count="0"/>
        <line num="35" type="stmt" count="4"/>
        <line num="39" type="method" name="create" visibility="public" complexity="4" crap="4.10" count="21"/>
        <line num="41" type="stmt" count="21"/>
        <line num="42" type="stmt" count="21"/>
        <line num="43" type="stmt" count="21"/>
        <line num="44" type="stmt" count="21"/>
        <line num="47" type="stmt" count="21"/>
        <line num="48" type="stmt" count="21"/>
        <line num="50" type="stmt" count="21"/>
        <line num="51" type="stmt" count="21"/>
        <line num="53" type="stmt" count="21"/>
        <line num="54" type="stmt" count="21"/>
        <line num="55" type="stmt" count="21"/>
        <line num="56" type="stmt" count="0"/>
        <line num="57" type="stmt" count="0"/>
        <line num="58" type="stmt" count="0"/>
        <line num="59" type="stmt" count="0"/>
        <line num="62" type="stmt" count="21"/>
        <line num="64" type="stmt" count="21"/>
        <line num="65" type="stmt" count="21"/>
        <line num="66" type="stmt" count="21"/>
        <line num="67" type="stmt" count="20"/>
        <line num="68" type="stmt" count="20"/>
        <line num="69" type="stmt" count="20"/>
        <line num="72" type="method" name="update" visibility="public" complexity="1" crap="1" count="1"/>
        <line num="74" type="stmt" count="1"/>
        <line num="75" type="stmt" count="1"/>
        <line num="76" type="stmt" count="1"/>
        <line num="77" type="stmt" count="1"/>
        <line num="79" type="stmt" count="1"/>
        <line num="80" type="stmt" count="1"/>
        <line num="81" type="stmt" count="1"/>
        <line num="83" type="stmt" count="1"/>
        <line num="84" type="stmt" count="1"/>
        <line num="85" type="stmt" count="1"/>
        <line num="87" type="stmt" count="1"/>
        <line num="90" type="method" name="find" visibility="public" complexity="4" crap="4" count="7"/>
        <line num="92" type="stmt" count="7"/>
        <line num="93" type="stmt" count="7"/>
        <line num="94" type="stmt" count="7"/>
        <line num="95" type="stmt" count="7"/>
        <line num="97" type="stmt" count="7"/>
        <line num="98" type="stmt" count="7"/>
        <line num="99" type="stmt" count="6"/>
        <line num="100" type="stmt" count="6"/>
        <line num="101" type="stmt" count="6"/>
        <line num="102" type="stmt" count="6"/>
        <line num="103" type="stmt" count="6"/>
        <line num="104" type="stmt" count="6"/>
        <line num="105" type="stmt" count="6"/>
        <line num="106" type="stmt" count="6"/>
        <line num="107" type="stmt" count="6"/>
        <line num="108" type="stmt" count="6"/>
        <line num="111" type="stmt" count="2"/>
        <line num="114" type="method" name="delete" visibility="public" complexity="1" crap="1" count="1"/>
        <line num="116" type="stmt" count="1"/>
        <line num="117" type="stmt" count="1"/>
        <line num="118" type="stmt" count="1"/>
        <line num="119" type="stmt" count="1"/>
        <line num="122" type="method" name="getEntities" visibility="public" complexity="6" crap="6" count="2"/>
        <line num="124" type="stmt" count="2"/>
        <line num="125" type="stmt" count="2"/>
        <line num="127" type="stmt" count="2"/>
        <line num="128" type="stmt" count="2"/>
        <line num="129" type="stmt" count="2"/>
        <line num="132" type="stmt" count="2"/>
        <line num="133" type="stmt" count="2"/>
        <line num="134" type="stmt" count="2"/>
        <line num="135" type="stmt" count="2"/>
        <line num="136" type="stmt" count="2"/>
        <line num="137" type="stmt" count="2"/>
        <line num="138" type="stmt" count="2"/>
        <line num="139" type="stmt" count="2"/>
        <line num="140" type="stmt" count="2"/>
        <line num="141" type="stmt" count="2"/>
        <line num="142" type="stmt" count="2"/>
        <line num="143" type="stmt" count="2"/>
        <line num="144" type="stmt" count="2"/>
        <line num="148" type="stmt" count="2"/>
        <metrics loc="151" ncloc="151" classes="1" methods="7" coveredmethods="5" conditionals="0" coveredconditionals="0" statements="79" coveredstatements="74" elements="86" coveredelements="79"/>
      </file>
      <file name="/home/alexsey-vr/project/src/Repository/ValidatedUrlRepository.php">
        <class name="Analyzer\Repository\ValidatedUrlRepository" namespace="Analyzer\Repository">
          <metrics complexity="27" methods="13" coveredmethods="12" conditionals="0" coveredconditionals="0" statements="82" coveredstatements="76" elements="95" coveredelements="88"/>
        </class>
        <line num="23" type="method" name="__construct" visibility="public" complexity="1" crap="1" count="23"/>
        <line num="25" type="stmt" count="23"/>
        <line num="26" type="stmt" count="23"/>
        <line num="27" type="stmt" count="23"/>
        <line num="28" type="stmt" count="23"/>
        <line num="31" type="method" name="normalize" visibility="private" complexity="1" crap="1" count="17"/>
        <line num="33" type="stmt" count="17"/>
        <line num="34" type="stmt" count="17"/>
        <line num="35" type="stmt" count="17"/>
        <line num="37" type="stmt" count="17"/>
        <line num="40" type="method" name="isUnique" visibility="public" complexity="6" crap="6" count="17"/>
        <line num="42" type="stmt" count="17"/>
        <line num="43" type="stmt" count="17"/>
        <line num="44" type="stmt" count="17"/>
        <line num="45" type="stmt" count="17"/>
        <line num="46" type="stmt" count="17"/>
        <line num="47" type="stmt" count="17"/>
        <line num="48" type="stmt" count="17"/>
        <line num="50" type="stmt" count="17"/>
        <line num="51" type="stmt" count="17"/>
        <line num="52" type="stmt" count="17"/>
        <line num="53" type="stmt" count="17"/>
        <line num="56" type="stmt" count="17"/>
        <line num="57" type="stmt" count="17"/>
        <line num="58" type="stmt" count="17"/>
        <line num="60" type="stmt" count="17"/>
        <line num="61" type="stmt" count="17"/>
        <line num="64" type="stmt" count="2"/>
        <line num="65" type="stmt" count="2"/>
        <line num="66" type="stmt" count="2"/>
        <line num="67" type="stmt" count="2"/>
        <line num="69" type="stmt" count="2"/>
        <line num="70" type="stmt" count="2"/>
        <line num="72" type="stmt" count="2"/>
        <line num="75" type="method" name="validate" visibility="public" complexity="4" crap="4.18" count="18"/>
        <line num="77" type="stmt" count="18"/>
        <line num="78" type="stmt" count="18"/>
        <line num="80" type="stmt" count="18"/>
        <line num="85" type="stmt" count="18"/>
        <line num="86" type="stmt" count="18"/>
        <line num="87" type="stmt" count="0"/>
        <line num="88" type="stmt" count="0"/>
        <line num="89" type="stmt" count="0"/>
        <line num="92" type="stmt" count="18"/>
        <line num="93" type="stmt" count="18"/>
        <line num="94" type="stmt" count="18"/>
        <line num="95" type="stmt" count="18"/>
        <line num="96" type="stmt" count="18"/>
        <line num="97" type="stmt" count="18"/>
        <line num="98" type="stmt" count="18"/>
        <line num="99" type="stmt" count="18"/>
        <line num="101" type="stmt" count="18"/>
        <line num="102" type="stmt" count="18"/>
        <line num="103" type="stmt" count="0"/>
        <line num="104" type="stmt" count="0"/>
        <line num="105" type="stmt" count="0"/>
        <line num="108" type="stmt" count="18"/>
        <line num="109" type="stmt" count="18"/>
        <line num="110" type="stmt" count="18"/>
        <line num="111" type="stmt" count="1"/>
        <line num="112" type="stmt" count="1"/>
        <line num="115" type="stmt" count="18"/>
        <line num="118" type="method" name="save" visibility="public" complexity="2" crap="2" count="18"/>
        <line num="120" type="stmt" count="18"/>
        <line num="121" type="stmt" count="1"/>
        <line num="123" type="stmt" count="18"/>
        <line num="127" type="method" name="create" visibility="public" complexity="6" crap="6" count="18"/>
        <line num="129" type="stmt" count="18"/>
        <line num="130" type="stmt" count="17"/>
        <line num="131" type="stmt" count="17"/>
        <line num="132" type="stmt" count="17"/>
        <line num="133" type="stmt" count="17"/>
        <line num="135" type="stmt" count="17"/>
        <line num="136" type="stmt" count="1"/>
        <line num="137" type="stmt" count="1"/>
        <line num="138" type="stmt" count="1"/>
        <line num="139" type="stmt" count="1"/>
        <line num="140" type="stmt" count="1"/>
        <line num="144" type="stmt" count="18"/>
        <line num="145" type="stmt" count="4"/>
        <line num="146" type="stmt" count="4"/>
        <line num="150" type="method" name="update" visibility="public" complexity="1" crap="1" count="1"/>
        <line num="152" type="stmt" count="1"/>
        <line num="155" type="method" name="find" visibility="public" complexity="1" crap="1" count="7"/>
        <line num="157" type="stmt" count="7"/>
        <line num="160" type="method" name="delete" visibility="public" complexity="1" crap="1" count="1"/>
        <line num="162" type="stmt" count="1"/>
        <line num="165" type="method" name="getEntities" visibility="public" complexity="1" crap="1" count="2"/>
        <line num="167" type="stmt" count="2"/>
        <line num="170" type="method" name="setMessage" visibility="private" complexity="1" crap="1" count="4"/>
        <line num="172" type="stmt" count="4"/>
        <line num="175" type="method" name="getMessage" visibility="public" complexity="1" crap="1" count="5"/>
        <line num="177" type="stmt" count="5"/>
        <line num="180" type="method" name="isValid" visibility="public" complexity="1" crap="1" count="3"/>
        <line num="182" type="stmt" count="3"/>
        <metrics loc="185" ncloc="182" classes="1" methods="13" coveredmethods="12" conditionals="0" coveredconditionals="0" statements="82" coveredstatements="76" elements="95" coveredelements="88"/>
      </file>
    </package>
    <package name="Analyzer\Url">
      <file name="/home/alexsey-vr/project/src/Url/Url.php">
        <class name="Analyzer\Url\Url" namespace="Analyzer\Url">
          <metrics complexity="10" methods="9" coveredmethods="9" conditionals="0" coveredconditionals="0" statements="16" coveredstatements="16" elements="25" coveredelements="25"/>
        </class>
        <line num="14" type="method" name="__construct" visibility="public" complexity="1" crap="1" count="25"/>
        <line num="16" type="stmt" count="25"/>
        <line num="17" type="stmt" count="25"/>
        <line num="18" type="stmt" count="25"/>
        <line num="21" type="method" name="fromArray" visibility="public" complexity="2" crap="2" count="25"/>
        <line num="23" type="stmt" count="25"/>
        <line num="24" type="stmt" count="25"/>
        <line num="26" type="stmt" count="25"/>
        <line num="27" type="stmt" count="25"/>
        <line num="28" type="stmt" count="25"/>
        <line num="30" type="stmt" count="25"/>
        <line num="33" type="method" name="setId" visibility="public" complexity="1" crap="1" count="21"/>
        <line num="35" type="stmt" count="21"/>
        <line num="38" type="method" name="getId" visibility="public" complexity="1" crap="1" count="23"/>
        <line num="40" type="stmt" count="23"/>
        <line num="43" type="method" name="setUrl" visibility="public" complexity="1" crap="1" count="25"/>
        <line num="45" type="stmt" count="25"/>
        <line num="48" type="method" name="getUrl" visibility="public" complexity="1" crap="1" count="23"/>
        <line num="50" type="stmt" count="23"/>
        <line num="53" type="method" name="setTimestamp" visibility="public" complexity="1" crap="1" count="21"/>
        <line num="55" type="stmt" count="21"/>
        <line num="58" type="method" name="getTimestamp" visibility="public" complexity="1" crap="1" count="3"/>
        <line num="60" type="stmt" count="3"/>
        <line num="63" type="method" name="exists" visibility="public" complexity="1" crap="1" count="23"/>
        <line num="65" type="stmt" count="23"/>
        <metrics loc="68" ncloc="68" classes="1" methods="9" coveredmethods="9" conditionals="0" coveredconditionals="0" statements="16" coveredstatements="16" elements="25" coveredelements="25"/>
      </file>
    </package>
    <package name="Analyzer\UrlCheck">
      <file name="/home/alexsey-vr/project/src/UrlCheck/UrlCheck.php">
        <class name="Analyzer\UrlCheck\UrlCheck" namespace="Analyzer\UrlCheck">
          <metrics complexity="23" methods="18" coveredmethods="16" conditionals="0" coveredconditionals="0" statements="76" coveredstatements="61" elements="94" coveredelements="77"/>
        </class>
        <line num="31" type="method" name="__construct" visibility="public" complexity="1" crap="1" count="12"/>
        <line num="33" type="stmt" count="12"/>
        <line num="34" type="stmt" count="12"/>
        <line num="35" type="stmt" count="12"/>
        <line num="36" type="stmt" count="12"/>
        <line num="37" type="stmt" count="12"/>
        <line num="38" type="stmt" count="12"/>
        <line num="39" type="stmt" count="12"/>
        <line num="40" type="stmt" count="12"/>
        <line num="43" type="method" name="fromArray" visibility="public" complexity="2" crap="2" count="10"/>
        <line num="45" type="stmt" count="10"/>
        <line num="46" type="stmt" count="10"/>
        <line num="47" type="stmt" count="10"/>
        <line num="48" type="stmt" count="10"/>
        <line num="49" type="stmt" count="10"/>
        <line num="50" type="stmt" count="10"/>
        <line num="51" type="stmt" count="10"/>
        <line num="52" type="stmt" count="10"/>
        <line num="54" type="stmt" count="10"/>
        <line num="55" type="stmt" count="10"/>
        <line num="56" type="stmt" count="10"/>
        <line num="58" type="stmt" count="10"/>
        <line num="60" type="stmt" count="10"/>
        <line num="63" type="method" name="fromUrl" visibility="public" complexity="2" crap="2" count="2"/>
        <line num="65" type="stmt" count="2"/>
        <line num="67" type="stmt" count="2"/>
        <line num="68" type="stmt" count="2"/>
        <line num="69" type="stmt" count="2"/>
        <line num="70" type="stmt" count="2"/>
        <line num="71" type="stmt" count="2"/>
        <line num="72" type="stmt" count="2"/>
        <line num="74" type="stmt" count="2"/>
        <line num="75" type="stmt" count="2"/>
        <line num="76" type="stmt" count="2"/>
        <line num="77" type="stmt" count="2"/>
        <line num="79" type="stmt" count="2"/>
        <line num="82" type="method" name="execute" visibility="public" complexity="3" crap="4.94" count="2"/>
        <line num="84" type="stmt" count="2"/>
        <line num="85" type="stmt" count="2"/>
        <line num="86" type="stmt" count="2"/>
        <line num="87" type="stmt" count="2"/>
        <line num="89" type="stmt" count="2"/>
        <line num="90" type="stmt" count="0"/>
        <line num="91" type="stmt" count="0"/>
        <line num="92" type="stmt" count="0"/>
        <line num="93" type="stmt" count="0"/>
        <line num="95" type="stmt" count="0"/>
        <line num="96" type="stmt" count="0"/>
        <line num="97" type="stmt" count="0"/>
        <line num="98" type="stmt" count="0"/>
        <line num="99" type="stmt" count="0"/>
        <line num="101" type="stmt" count="0"/>
        <line num="102" type="stmt" count="2"/>
        <line num="103" type="stmt" count="2"/>
        <line num="105" type="stmt" count="2"/>
        <line num="108" type="stmt" count="0"/>
        <line num="110" type="stmt" count="0"/>
        <line num="113" type="method" name="setCheckInfo" visibility="public" complexity="1" crap="1" count="10"/>
        <line num="119" type="stmt" count="10"/>
        <line num="120" type="stmt" count="10"/>
        <line num="121" type="stmt" count="10"/>
        <line num="122" type="stmt" count="10"/>
        <line num="125" type="method" name="setId" visibility="public" complexity="1" crap="1" count="9"/>
        <line num="127" type="stmt" count="9"/>
        <line num="130" type="method" name="getId" visibility="public" complexity="1" crap="1" count="9"/>
        <line num="132" type="stmt" count="9"/>
        <line num="135" type="method" name="setUrlId" visibility="public" complexity="1" crap="1" count="12"/>
        <line num="137" type="stmt" count="12"/>
        <line num="140" type="method" name="getUrlId" visibility="public" complexity="1" crap="1" count="9"/>
        <line num="142" type="stmt" count="9"/>
        <line num="145" type="method" name="getStatus" visibility="public" complexity="1" crap="1" count="9"/>
        <line num="147" type="stmt" count="9"/>
        <line num="150" type="method" name="getH1" visibility="public" complexity="1" crap="1" count="9"/>
        <line num="152" type="stmt" count="9"/>
        <line num="155" type="method" name="getTitle" visibility="public" complexity="1" crap="1" count="9"/>
        <line num="157" type="stmt" count="9"/>
        <line num="160" type="method" name="getDescription" visibility="public" complexity="1" crap="1" count="9"/>
        <line num="162" type="stmt" count="9"/>
        <line num="165" type="method" name="setTimestamp" visibility="public" complexity="1" crap="1" count="8"/>
        <line num="167" type="stmt" count="8"/>
        <line num="170" type="method" name="getTimestamp" visibility="public" complexity="1" crap="1" count="3"/>
        <line num="172" type="stmt" count="3"/>
        <line num="175" type="method" name="exists" visibility="public" complexity="1" crap="1" count="9"/>
        <line num="177" type="stmt" count="9"/>
        <line num="180" type="method" name="normalize" visibility="public" complexity="2" crap="2.31" count="10"/>
        <line num="182" type="stmt" count="10"/>
        <line num="183" type="stmt" count="10"/>
        <line num="184" type="stmt" count="0"/>
        <line num="185" type="stmt" count="0"/>
        <line num="186" type="stmt" count="0"/>
        <line num="189" type="stmt" count="10"/>
        <line num="191" type="stmt" count="10"/>
        <line num="194" type="method" name="getMessage" visibility="public" complexity="1" crap="1" count="2"/>
        <line num="196" type="stmt" count="2"/>
        <metrics loc="199" ncloc="199" classes="1" methods="18" coveredmethods="16" conditionals="0" coveredconditionals="0" statements="76" coveredstatements="61" elements="94" coveredelements="77"/>
      </file>
    </package>
    <metrics files="17" loc="1504" ncloc="1471" classes="13" methods="94" coveredmethods="86" conditionals="0" coveredconditionals="0" statements="569" coveredstatements="529" elements="663" coveredelements="615"/>
  </project>
</coverage>
